[nike747459.wixsite.com/mydiary.html]
[backblue.gif]
[fade.gif]
[index.html]
[nike747459.wixsite.com/sitemap.xml]
[nike747459.wixsite.com/feed.xml]
[nike747459.wixsite.com/POST]
[nike747459.wixsite.com/index.html]
[browser.sentry-cdn.com/4.6.2/bundle.min.js]
[static.parastorage.com/unpkg/core-js-bundle@3.2.1/minified.js]
[static.parastorage.com/unpkg/whatwg-fetch@3.0.0/dist/fetch.umd.js]
[static.parastorage.com/services/wix-bolt/1.6646.0/bolt-main/app/bolt-custom-elements.min.js]
[static.parastorage.com/unpkg/requirejs-bolt@2.3.6/requirejs.min.js]
[nike747459.wixsite.com/_partials/wix-bolt/1.6646.0/node_modules/viewer-platform-worker/dist/wixcode-worker.js]
[static.parastorage.com/services/wix-perf-measure/1.238.0/wix-perf-measure.bundle.min.js]
[static.parastorage.com/services/tag-manager-client/1.186.0/siteTags.bundle.min.js]
[static.parastorage.com/services/skins/2.1229.80/images/wysiwyg/core/themes/base/cursor_zoom_out.png]
[static.parastorage.com/services/skins/2.1229.80/images/wysiwyg/core/themes/base/cursor_zoom_in.png]
[nike747459.wixsite.com/mydiary/mypage.html]
[nike747459.wixsite.com/mydiary/plan-2.html]
[nike747459.wixsite.com/mydiary/복제-행동-plan.html]
[nike747459.wixsite.com/mydiary/page.html]
[static.wixstatic.com/media/11062b_e5ddec8114ee4169a971326f54144f2c_mv2.jpg/v1/fill/w_245,h_140,al_c,q_80,usm_0.66_1.00_0.01,blur_2/11062b_e5ddec8114ee4169a971326f54144f2c_mv2.jpg]
[static.wixstatic.com/media/035244_bb9dbbd5e7b84997824cba88813ecd1c_mv2.png/v1/fill/w_40,h_40,al_c,usm_0.66_1.00_0.01,blur_3/035244_bb9dbbd5e7b84997824cba88813ecd1c_mv2.png]
[static.wixstatic.com/media/035244_5282c9e96b3c40718d26f003a02ad2c5_mv2.png/v1/fill/w_40,h_40,al_c,usm_0.66_1.00_0.01,blur_3/035244_5282c9e96b3c40718d26f003a02ad2c5_mv2.png]
[static.wixstatic.com/media/655045d91d3c43a8b199a8e210bdaf0f.jpg/v1/fill/w_195,h_126,al_c,q_80,usm_0.66_1.00_0.01,blur_2/655045d91d3c43a8b199a8e210bdaf0f.jpg]
[static.wixstatic.com/media/84770f_646398c25afd456eb2e943d293e378b9_mv2.png/v1/fill/w_40,h_35,al_c,usm_0.66_1.00_0.01,blur_3/84770f_646398c25afd456eb2e943d293e378b9_mv2.png]
[static.wixstatic.com/media/11062b_fc931fb495f6434a969b57747226dbaef000.jpg/v1/fill/w_157,h_89,al_c,q_80,usm_0.33_1.00_0.00,blur_2/11062b_fc931fb495f6434a969b57747226dbaef000.jpg]
[static.wixstatic.com/media/0da768_0c5ce9e2ffa442bea0b79b690223a939_mv2.png]
[nike747459.wixsite.com/11062b_fc931fb495f6434a969b57747226dbaef001.jpg]
[nike747459.wixsite.com/11062b_fc931fb495f6434a969b57747226dbaef002.jpg]
[nike747459.wixsite.com/mydiary.html]
[nike747459.wixsite.com/sitemap.html]
[nike747459.wixsite.com/feed.html]
[nike747459.wixsite.com/index.html]
[nike747459.wixsite.com/POST.html]
[nike747459.wixsite.com/mydiary/robots.txt]
[nike747459.wixsite.com/mydiary/sitemap.xml]
[nike747459.wixsite.com/mydiary/feed.xml]
[nike747459.wixsite.com/mydiary/POST]
[static.wixstatic.com/media/dc81e48da0914d2aa892b857ae1f2a10.jpg/v1/fill/w_245,h_147,al_c,q_80,usm_0.66_1.00_0.01,blur_2/dc81e48da0914d2aa892b857ae1f2a10.jpg]
[nike747459.wixsite.com/mydiary/mypage.html]
[nike747459.wixsite.com/mydiary/plan-2.html]
[static.wixstatic.com/media/b72ccf185f0f4efbbc68ce6fd092eeb2.jpg/v1/fill/w_245,h_163,al_c,q_80,usm_0.66_1.00_0.01,blur_2/b72ccf185f0f4efbbc68ce6fd092eeb2.jpg]
[nike747459.wixsite.com/mydiary/복제-행동-plan.html]
[static.wixstatic.com/media/655045d91d3c43a8b199a8e210bdaf0f.jpg/v1/fill/w_245,h_158,al_c,q_80,usm_0.66_1.00_0.01,blur_2/655045d91d3c43a8b199a8e210bdaf0f.jpg]
[nike747459.wixsite.com/mydiary/page.html]
[static.wixstatic.com/media/0da768_361994b0f154464682a0aaf9724471cc.png/v1/crop/x_0,y_0,w_56,h_56/0da768_361994b0f154464682a0aaf9724471cc.png]
[nike747459.wixsite.com/11062b_fc931fb495f6434a969b57747226dbaef001.html]
[nike747459.wixsite.com/11062b_fc931fb495f6434a969b57747226dbaef002.html]
[nike747459.wixsite.com/mydiary/robots.html]
[nike747459.wixsite.com/mydiary/feed.html]
[nike747459.wixsite.com/mydiary/POST.html]
